Дата и время вызова функции:09.03.2024 15:03:29, 
Имя функции: hello_world, 
Аргументы, с которыми вызывалась функция: (), 
Возвращаемое значение: Hello World
Дата и время вызова функции:09.03.2024 15:03:29, 
Имя функции: summator, 
Аргументы, с которыми вызывалась функция: (2, 2), 
Возвращаемое значение: 4
Дата и время вызова функции:09.03.2024 15:03:29, 
Имя функции: div, 
Аргументы, с которыми вызывалась функция: (6, 2), 
Возвращаемое значение: 3.0
Дата и время вызова функции:09.03.2024 15:03:29, 
Имя функции: summator, 
Аргументы, с которыми вызывалась функция: (4.3,), 
Возвращаемое значение: 6.5
Дата и время вызова функции:09.03.2024 15:03:29, 
Имя функции: summator, 
Аргументы, с которыми вызывалась функция: (), 
Возвращаемое значение: 0
